<?xml version="1.0" encoding="UTF-8"?>
<testsuite xmlns:xsi="http://www.w3.org/2001/XMLSchema-instance" xsi:noNamespaceSchemaLocation="https://maven.apache.org/surefire/maven-surefire-plugin/xsd/surefire-test-report.xsd" name="se.nackademin.EpisodeTest" time="0.026" tests="7" errors="0" skipped="0" failures="0">
  <properties>
[...]
</properties>
  <testcase name="testCleanUpTitle" classname="se.nackademin.EpisodeTest" time="0"/>
  <testcase name="testGetTitle" classname="se.nackademin.EpisodeTest" time="0"/>
  <testcase name="testGetEpisode" classname="se.nackademin.EpisodeTest" time="0"/>
  <testcase name="testConstructing" classname="se.nackademin.EpisodeTest" time="0"/>
  <testcase name="testGetDate" classname="se.nackademin.EpisodeTest" time="0"/>
  <testcase name="testGetSeason" classname="se.nackademin.EpisodeTest" time="0"/>
  <testcase name="testInvalidConstruct" classname="se.nackademin.EpisodeTest" time="0"/>
</testsuite>